# JRE version: Java(TM) SE Runtime Environment (8.0_144-b01) (build 1.8.0_144-b01)
# Java VM: Java HotSpot(TM) 64-Bit Server VM (25.144-b01 mixed mode windows-amd64 compressed oops)
Heap:
 PSYoungGen      total 134144K, used 15031K [0x00000000eb400000, 0x00000000f4580000, 0x0000000100000000)
  eden space 127488K, 6% used [0x00000000eb400000,0x00000000ebc34790,0x00000000f3080000)
  from space 6656K, 99% used [0x00000000f3080000,0x00000000f36f9600,0x00000000f3700000)
  to   space 8704K, 0% used [0x00000000f3d00000,0x00000000f3d00000,0x00000000f4580000)
 ParOldGen       total 32768K, used 8190K [0x00000000c1c00000, 0x00000000c3c00000, 0x00000000eb400000)
  object space 32768K, 24% used [0x00000000c1c00000,0x00000000c23ff8e8,0x00000000c3c00000)
 Metaspace       used 27424K, capacity 27728K, committed 27904K, reserved 1073152K
  class space    used 3402K, capacity 3491K, committed 3584K, reserved 1048576K
GC Heap History (10 events):
Event: 3.287 GC heap before
{Heap before GC invocations=6 (full 0):
 PSYoungGen      total 35328K, used 35312K [0x00000000eb400000, 0x00000000f0100000, 0x0000000100000000)
  eden space 32768K, 100% used [0x00000000eb400000,0x00000000ed400000,0x00000000ed400000)
  from space 2560K, 99% used [0x00000000ed400000,0x00000000ed67c010,0x00000000ed680000)
  to   space 6656K, 0% used [0x00000000efa80000,0x00000000efa80000,0x00000000f0100000)
 ParOldGen       total 44032K, used 6986K [0x00000000c1c00000, 0x00000000c4700000, 0x00000000eb400000)
  object space 44032K, 15% used [0x00000000c1c00000,0x00000000c22d28d8,0x00000000c4700000)
 Metaspace       used 20317K, capacity 20570K, committed 20736K, reserved 1067008K
  class space    used 2446K, capacity 2508K, committed 2560K, reserved 1048576K
Event: 3.301 GC heap after
Heap after GC invocations=6 (full 0):
 PSYoungGen      total 71168K, used 6317K [0x00000000eb400000, 0x00000000f0300000, 0x0000000100000000)
  eden space 64512K, 0% used [0x00000000eb400000,0x00000000eb400000,0x00000000ef300000)
  from space 6656K, 94% used [0x00000000efa80000,0x00000000f00ab7b8,0x00000000f0100000)
  to   space 7680K, 0% used [0x00000000ef300000,0x00000000ef300000,0x00000000efa80000)
 ParOldGen       total 44032K, used 6994K [0x00000000c1c00000, 0x00000000c4700000, 0x00000000eb400000)
  object space 44032K, 15% used [0x00000000c1c00000,0x00000000c22d48d8,0x00000000c4700000)
 Metaspace       used 20317K, capacity 20570K, committed 20736K, reserved 1067008K
  class space    used 2446K, capacity 2508K, committed 2560K, reserved 1048576K
}
Event: 3.391 GC heap before
{Heap before GC invocations=7 (full 0):
 PSYoungGen      total 71168K, used 13696K [0x00000000eb400000, 0x00000000f0300000, 0x0000000100000000)
  eden space 64512K, 11% used [0x00000000eb400000,0x00000000ebb34ba0,0x00000000ef300000)
  from space 6656K, 94% used [0x00000000efa80000,0x00000000f00ab7b8,0x00000000f0100000)
  to   space 7680K, 0% used [0x00000000ef300000,0x00000000ef300000,0x00000000efa80000)
 ParOldGen       total 44032K, used 6994K [0x00000000c1c00000, 0x00000000c4700000, 0x00000000eb400000)
  object space 44032K, 15% used [0x00000000c1c00000,0x00000000c22d48d8,0x00000000c4700000)
 Metaspace       used 20951K, capacity 21192K, committed 21296K, reserved 1069056K
  class space    used 2531K, capacity 2635K, committed 2688K, reserved 1048576K
Event: 3.402 GC heap after
Heap after GC invocations=7 (full 0):
 PSYoungGen      total 72192K, used 3967K [0x00000000eb400000, 0x00000000f4000000, 0x0000000100000000)
  eden space 64512K, 0% used [0x00000000eb400000,0x00000000eb400000,0x00000000ef300000)
  from space 7680K, 51% used [0x00000000ef300000,0x00000000ef6dfd78,0x00000000efa80000)
  to   space 7168K, 0% used [0x00000000f3900000,0x00000000f3900000,0x00000000f4000000)
 ParOldGen       total 44032K, used 8024K [0x00000000c1c00000, 0x00000000c4700000, 0x00000000eb400000)
  object space 44032K, 18% used [0x00000000c1c00000,0x00000000c23d63c8,0x00000000c4700000)
 Metaspace       used 20951K, capacity 21192K, committed 21296K, reserved 1069056K
  class space    used 2531K, capacity 2635K, committed 2688K, reserved 1048576K
}
Event: 3.402 GC heap before
{Heap before GC invocations=8 (full 1):
 PSYoungGen      total 72192K, used 3967K [0x00000000eb400000, 0x00000000f4000000, 0x0000000100000000)
  eden space 64512K, 0% used [0x00000000eb400000,0x00000000eb400000,0x00000000ef300000)
  from space 7680K, 51% used [0x00000000ef300000,0x00000000ef6dfd78,0x00000000efa80000)
  to   space 7168K, 0% used [0x00000000f3900000,0x00000000f3900000,0x00000000f4000000)
 ParOldGen       total 44032K, used 8024K [0x00000000c1c00000, 0x00000000c4700000, 0x00000000eb400000)
  object space 44032K, 18% used [0x00000000c1c00000,0x00000000c23d63c8,0x00000000c4700000)
 Metaspace       used 20951K, capacity 21192K, committed 21296K, reserved 1069056K
  class space    used 2531K, capacity 2635K, committed 2688K, reserved 1048576K
Event: 3.490 GC heap after
Heap after GC invocations=8 (full 1):
 PSYoungGen      total 72192K, used 0K [0x00000000eb400000, 0x00000000f4000000, 0x0000000100000000)
  eden space 64512K, 0% used [0x00000000eb400000,0x00000000eb400000,0x00000000ef300000)
  from space 7680K, 0% used [0x00000000ef300000,0x00000000ef300000,0x00000000efa80000)
  to   space 7168K, 0% used [0x00000000f3900000,0x00000000f3900000,0x00000000f4000000)
 ParOldGen       total 32768K, used 6054K [0x00000000c1c00000, 0x00000000c3c00000, 0x00000000eb400000)
  object space 32768K, 18% used [0x00000000c1c00000,0x00000000c21e9b58,0x00000000c3c00000)
 Metaspace       used 20951K, capacity 21192K, committed 21296K, reserved 1069056K
  class space    used 2531K, capacity 2635K, committed 2688K, reserved 1048576K
}
Event: 4.754 GC heap before
{Heap before GC invocations=9 (full 1):
 PSYoungGen      total 72192K, used 64512K [0x00000000eb400000, 0x00000000f4000000, 0x0000000100000000)
  eden space 64512K, 100% used [0x00000000eb400000,0x00000000ef300000,0x00000000ef300000)
  from space 7680K, 0% used [0x00000000ef300000,0x00000000ef300000,0x00000000efa80000)
  to   space 7168K, 0% used [0x00000000f3900000,0x00000000f3900000,0x00000000f4000000)
 ParOldGen       total 32768K, used 6054K [0x00000000c1c00000, 0x00000000c3c00000, 0x00000000eb400000)
  object space 32768K, 18% used [0x00000000c1c00000,0x00000000c21e9b58,0x00000000c3c00000)
 Metaspace       used 22656K, capacity 22966K, committed 23088K, reserved 1069056K
  class space    used 2752K, capacity 2836K, committed 2944K, reserved 1048576K
Event: 4.764 GC heap after
Heap after GC invocations=9 (full 1):
 PSYoungGen      total 105472K, used 4384K [0x00000000eb400000, 0x00000000f3d80000, 0x0000000100000000)
  eden space 100864K, 0% used [0x00000000eb400000,0x00000000eb400000,0x00000000f1680000)
  from space 4608K, 95% used [0x00000000f3900000,0x00000000f3d48028,0x00000000f3d80000)
  to   space 6656K, 0% used [0x00000000f3080000,0x00000000f3080000,0x00000000f3700000)
 ParOldGen       total 32768K, used 6062K [0x00000000c1c00000, 0x00000000c3c00000, 0x00000000eb400000)
  object space 32768K, 18% used [0x00000000c1c00000,0x00000000c21ebb58,0x00000000c3c00000)
 Metaspace       used 22656K, capacity 22966K, committed 23088K, reserved 1069056K
  class space    used 2752K, capacity 2836K, committed 2944K, reserved 1048576K
}
Event: 7.522 GC heap before
{Heap before GC invocations=10 (full 1):
 PSYoungGen      total 105472K, used 105248K [0x00000000eb400000, 0x00000000f3d80000, 0x0000000100000000)
  eden space 100864K, 100% used [0x00000000eb400000,0x00000000f1680000,0x00000000f1680000)
  from space 4608K, 95% used [0x00000000f3900000,0x00000000f3d48028,0x00000000f3d80000)
  to   space 6656K, 0% used [0x00000000f3080000,0x00000000f3080000,0x00000000f3700000)
 ParOldGen       total 32768K, used 6062K [0x00000000c1c00000, 0x00000000c3c00000, 0x00000000eb400000)
  object space 32768K, 18% used [0x00000000c1c00000,0x00000000c21ebb58,0x00000000c3c00000)
 Metaspace       used 27158K, capacity 27504K, committed 27904K, reserved 1073152K
  class space    used 3377K, capacity 3459K, committed 3584K, reserved 1048576K
Event: 7.543 GC heap after
Heap after GC invocations=10 (full 1):
 PSYoungGen      total 134144K, used 6629K [0x00000000eb400000, 0x00000000f4580000, 0x0000000100000000)
  eden space 127488K, 0% used [0x00000000eb400000,0x00000000eb400000,0x00000000f3080000)
  from space 6656K, 99% used [0x00000000f3080000,0x00000000f36f9600,0x00000000f3700000)
  to   space 8704K, 0% used [0x00000000f3d00000,0x00000000f3d00000,0x00000000f4580000)
 ParOldGen       total 32768K, used 8190K [0x00000000c1c00000, 0x00000000c3c00000, 0x00000000eb400000)
  object space 32768K, 24% used [0x00000000c1c00000,0x00000000c23ff8e8,0x00000000c3c00000)
 Metaspace       used 27158K, capacity 27504K, committed 27904K, reserved 1073152K
  class space    used 3377K, capacity 3459K, committed 3584K, reserved 1048576K
}

